<?xml version="1.0" encoding="UTF-8"?>
<!-- Generated by org.testng.reporters.JUnitReportReporter -->
<testsuite skipped="0" hostname="DESKTOP-8049LRO" name="testscript.openamazon" tests="1" failures="0" timestamp="21 Jan 2018 19:06:48 GMT" time="34.471" errors="0">
  <testcase name="openurl" time="34.471" classname="testscript.openamazon"/>
</testsuite> <!-- testscript.openamazon -->
