<?xml version="1.0" encoding="UTF-8"?>
<!-- Generated by org.testng.reporters.JUnitReportReporter -->
<testsuite skipped="0" hostname="DESKTOP-8049LRO" name="testscript.ClickAll" tests="1" failures="0" timestamp="11 Jan 2018 17:16:46 GMT" time="53.631" errors="0">
  <testcase name="openurl" time="53.631" classname="testscript.ClickAll"/>
</testsuite> <!-- testscript.ClickAll -->
